<?xml version="1.0" encoding="UTF-8"?>
<testsuite xmlns:xsi="http://www.w3.org/2001/XMLSchema-instance" xsi:noNamespaceSchemaLocation="https://maven.apache.org/surefire/maven-surefire-plugin/xsd/surefire-test-report.xsd" name="com.dmancloud.dinesh.demoapp.DemoappApplicationTests" time="4.296" tests="1" errors="0" skipped="0" failures="0">
  <properties>
    <property name="java.specification.version" value="21"/>
    <property name="sun.jnu.encoding" value="UTF-8"/>
    <property name="java.class.path" value="/home/ztr/devops/Git/prodcution-e2e-pipeline/target/test-classes:/home/ztr/devops/Git/prodcution-e2e-pipeline/target/classes:/home/ztr/.m2/repository/org/springframework/boot/spring-boot-starter-data-jdbc/3.0.13/spring-boot-starter-data-jdbc-3.0.13.jar:/home/ztr/.m2/repository/org/springframework/boot/spring-boot-starter-jdbc/3.0.13/spring-boot-starter-jdbc-3.0.13.jar:/home/ztr/.m2/repository/com/zaxxer/HikariCP/5.0.1/HikariCP-5.0.1.jar:/home/ztr/.m2/repository/org/springframework/spring-jdbc/6.0.14/spring-jdbc-6.0.14.jar:/home/ztr/.m2/repository/org/springframework/data/spring-data-jdbc/3.0.12/spring-data-jdbc-3.0.12.jar:/home/ztr/.m2/repository/org/springframework/data/spring-data-relational/3.0.12/spring-data-relational-3.0.12.jar:/home/ztr/.m2/repository/org/springframework/data/spring-data-commons/3.0.12/spring-data-commons-3.0.12.jar:/home/ztr/.m2/repository/org/springframework/spring-tx/6.0.14/spring-tx-6.0.14.jar:/home/ztr/.m2/repository/org/springframework/spring-context/6.0.14/spring-context-6.0.14.jar:/home/ztr/.m2/repository/org/springframework/spring-beans/6.0.14/spring-beans-6.0.14.jar:/home/ztr/.m2/repository/org/slf4j/slf4j-api/2.0.9/slf4j-api-2.0.9.jar:/home/ztr/.m2/repository/org/springframework/boot/spring-boot-starter-web/3.0.13/spring-boot-starter-web-3.0.13.jar:/home/ztr/.m2/repository/org/springframework/boot/spring-boot-starter/3.0.13/spring-boot-starter-3.0.13.jar:/home/ztr/.m2/repository/org/springframework/boot/spring-boot/3.0.13/spring-boot-3.0.13.jar:/home/ztr/.m2/repository/org/springframework/boot/spring-boot-autoconfigure/3.0.13/spring-boot-autoconfigure-3.0.13.jar:/home/ztr/.m2/repository/org/springframework/boot/spring-boot-starter-logging/3.0.13/spring-boot-starter-logging-3.0.13.jar:/home/ztr/.m2/repository/ch/qos/logback/logback-classic/1.4.11/logback-classic-1.4.11.jar:/home/ztr/.m2/repository/ch/qos/logback/logback-core/1.4.11/logback-core-1.4.11.jar:/home/ztr/.m2/repository/org/apache/logging/log4j/log4j-to-slf4j/2.19.0/log4j-to-slf4j-2.19.0.jar:/home/ztr/.m2/repository/org/slf4j/jul-to-slf4j/2.0.9/jul-to-slf4j-2.0.9.jar:/home/ztr/.m2/repository/jakarta/annotation/jakarta.annotation-api/2.1.1/jakarta.annotation-api-2.1.1.jar:/home/ztr/.m2/repository/org/springframework/boot/spring-boot-starter-json/3.0.13/spring-boot-starter-json-3.0.13.jar:/home/ztr/.m2/repository/com/fasterxml/jackson/core/jackson-databind/2.14.3/jackson-databind-2.14.3.jar:/home/ztr/.m2/repository/com/fasterxml/jackson/core/jackson-annotations/2.14.3/jackson-annotations-2.14.3.jar:/home/ztr/.m2/repository/com/fasterxml/jackson/core/jackson-core/2.14.3/jackson-core-2.14.3.jar:/home/ztr/.m2/repository/com/fasterxml/jackson/datatype/jackson-datatype-jdk8/2.14.3/jackson-datatype-jdk8-2.14.3.jar:/home/ztr/.m2/repository/com/fasterxml/jackson/datatype/jackson-datatype-jsr310/2.14.3/jackson-datatype-jsr310-2.14.3.jar:/home/ztr/.m2/repository/com/fasterxml/jackson/module/jackson-module-parameter-names/2.14.3/jackson-module-parameter-names-2.14.3.jar:/home/ztr/.m2/repository/org/springframework/boot/spring-boot-starter-tomcat/3.0.13/spring-boot-starter-tomcat-3.0.13.jar:/home/ztr/.m2/repository/org/apache/tomcat/embed/tomcat-embed-core/10.1.16/tomcat-embed-core-10.1.16.jar:/home/ztr/.m2/repository/org/apache/tomcat/embed/tomcat-embed-el/10.1.16/tomcat-embed-el-10.1.16.jar:/home/ztr/.m2/repository/org/apache/tomcat/embed/tomcat-embed-websocket/10.1.16/tomcat-embed-websocket-10.1.16.jar:/home/ztr/.m2/repository/org/springframework/spring-web/6.0.14/spring-web-6.0.14.jar:/home/ztr/.m2/repository/io/micrometer/micrometer-observation/1.10.13/micrometer-observation-1.10.13.jar:/home/ztr/.m2/repository/io/micrometer/micrometer-commons/1.10.13/micrometer-commons-1.10.13.jar:/home/ztr/.m2/repository/org/springframework/spring-webmvc/6.0.14/spring-webmvc-6.0.14.jar:/home/ztr/.m2/repository/org/springframework/spring-aop/6.0.14/spring-aop-6.0.14.jar:/home/ztr/.m2/repository/org/springframework/spring-expression/6.0.14/spring-expression-6.0.14.jar:/home/ztr/.m2/repository/com/h2database/h2/2.1.214/h2-2.1.214.jar:/home/ztr/.m2/repository/org/springframework/boot/spring-boot-starter-test/3.0.13/spring-boot-starter-test-3.0.13.jar:/home/ztr/.m2/repository/org/springframework/boot/spring-boot-test/3.0.13/spring-boot-test-3.0.13.jar:/home/ztr/.m2/repository/org/springframework/boot/spring-boot-test-autoconfigure/3.0.13/spring-boot-test-autoconfigure-3.0.13.jar:/home/ztr/.m2/repository/com/jayway/jsonpath/json-path/2.7.0/json-path-2.7.0.jar:/home/ztr/.m2/repository/net/minidev/json-smart/2.4.11/json-smart-2.4.11.jar:/home/ztr/.m2/repository/net/minidev/accessors-smart/2.4.11/accessors-smart-2.4.11.jar:/home/ztr/.m2/repository/org/ow2/asm/asm/9.3/asm-9.3.jar:/home/ztr/.m2/repository/jakarta/xml/bind/jakarta.xml.bind-api/4.0.1/jakarta.xml.bind-api-4.0.1.jar:/home/ztr/.m2/repository/jakarta/activation/jakarta.activation-api/2.1.2/jakarta.activation-api-2.1.2.jar:/home/ztr/.m2/repository/org/assertj/assertj-core/3.23.1/assertj-core-3.23.1.jar:/home/ztr/.m2/repository/net/bytebuddy/byte-buddy/1.12.23/byte-buddy-1.12.23.jar:/home/ztr/.m2/repository/org/hamcrest/hamcrest/2.2/hamcrest-2.2.jar:/home/ztr/.m2/repository/org/junit/jupiter/junit-jupiter/5.9.3/junit-jupiter-5.9.3.jar:/home/ztr/.m2/repository/org/junit/jupiter/junit-jupiter-api/5.9.3/junit-jupiter-api-5.9.3.jar:/home/ztr/.m2/repository/org/opentest4j/opentest4j/1.2.0/opentest4j-1.2.0.jar:/home/ztr/.m2/repository/org/junit/platform/junit-platform-commons/1.9.3/junit-platform-commons-1.9.3.jar:/home/ztr/.m2/repository/org/apiguardian/apiguardian-api/1.1.2/apiguardian-api-1.1.2.jar:/home/ztr/.m2/repository/org/junit/jupiter/junit-jupiter-params/5.9.3/junit-jupiter-params-5.9.3.jar:/home/ztr/.m2/repository/org/junit/jupiter/junit-jupiter-engine/5.9.3/junit-jupiter-engine-5.9.3.jar:/home/ztr/.m2/repository/org/junit/platform/junit-platform-engine/1.9.3/junit-platform-engine-1.9.3.jar:/home/ztr/.m2/repository/org/mockito/mockito-core/4.8.1/mockito-core-4.8.1.jar:/home/ztr/.m2/repository/net/bytebuddy/byte-buddy-agent/1.12.23/byte-buddy-agent-1.12.23.jar:/home/ztr/.m2/repository/org/objenesis/objenesis/3.2/objenesis-3.2.jar:/home/ztr/.m2/repository/org/mockito/mockito-junit-jupiter/4.8.1/mockito-junit-jupiter-4.8.1.jar:/home/ztr/.m2/repository/org/skyscreamer/jsonassert/1.5.1/jsonassert-1.5.1.jar:/home/ztr/.m2/repository/com/vaadin/external/google/android-json/0.0.20131108.vaadin1/android-json-0.0.20131108.vaadin1.jar:/home/ztr/.m2/repository/org/springframework/spring-core/6.0.14/spring-core-6.0.14.jar:/home/ztr/.m2/repository/org/springframework/spring-jcl/6.0.14/spring-jcl-6.0.14.jar:/home/ztr/.m2/repository/org/springframework/spring-test/6.0.14/spring-test-6.0.14.jar:/home/ztr/.m2/repository/org/xmlunit/xmlunit-core/2.9.1/xmlunit-core-2.9.1.jar:/home/ztr/.m2/repository/org/yaml/snakeyaml/1.33/snakeyaml-1.33.jar:/home/ztr/.m2/repository/org/apache/logging/log4j/log4j-core/2.16.0/log4j-core-2.16.0.jar:/home/ztr/.m2/repository/org/apache/logging/log4j/log4j-api/2.19.0/log4j-api-2.19.0.jar:/home/ztr/.m2/repository/org/postgresql/postgresql/42.2.8/postgresql-42.2.8.jar:/home/ztr/.m2/repository/org/springframework/boot/spring-boot-starter-thymeleaf/3.0.13/spring-boot-starter-thymeleaf-3.0.13.jar:/home/ztr/.m2/repository/org/thymeleaf/thymeleaf-spring6/3.1.2.RELEASE/thymeleaf-spring6-3.1.2.RELEASE.jar:/home/ztr/.m2/repository/org/thymeleaf/thymeleaf/3.1.2.RELEASE/thymeleaf-3.1.2.RELEASE.jar:/home/ztr/.m2/repository/org/attoparser/attoparser/2.0.7.RELEASE/attoparser-2.0.7.RELEASE.jar:/home/ztr/.m2/repository/org/unbescape/unbescape/1.1.6.RELEASE/unbescape-1.1.6.RELEASE.jar:"/>
    <property name="java.vm.vendor" value="Red Hat, Inc."/>
    <property name="sun.arch.data.model" value="64"/>
    <property name="java.vendor.url" value="https://www.redhat.com/"/>
    <property name="os.name" value="Linux"/>
    <property name="java.vm.specification.version" value="21"/>
    <property name="sun.java.launcher" value="SUN_STANDARD"/>
    <property name="user.country" value="US"/>
    <property name="sun.boot.library.path" value="/usr/lib/jvm/java-21-openjdk/lib"/>
    <property name="sun.java.command" value="/home/ztr/devops/Git/prodcution-e2e-pipeline/target/surefire/surefirebooter17709453423343509304.jar /home/ztr/devops/Git/prodcution-e2e-pipeline/target/surefire 2025-08-24T21-22-19_379-jvmRun1 surefire4482863893942948271tmp surefire_014763609106644930869tmp"/>
    <property name="jdk.debug" value="release"/>
    <property name="surefire.test.class.path" value="/home/ztr/devops/Git/prodcution-e2e-pipeline/target/test-classes:/home/ztr/devops/Git/prodcution-e2e-pipeline/target/classes:/home/ztr/.m2/repository/org/springframework/boot/spring-boot-starter-data-jdbc/3.0.13/spring-boot-starter-data-jdbc-3.0.13.jar:/home/ztr/.m2/repository/org/springframework/boot/spring-boot-starter-jdbc/3.0.13/spring-boot-starter-jdbc-3.0.13.jar:/home/ztr/.m2/repository/com/zaxxer/HikariCP/5.0.1/HikariCP-5.0.1.jar:/home/ztr/.m2/repository/org/springframework/spring-jdbc/6.0.14/spring-jdbc-6.0.14.jar:/home/ztr/.m2/repository/org/springframework/data/spring-data-jdbc/3.0.12/spring-data-jdbc-3.0.12.jar:/home/ztr/.m2/repository/org/springframework/data/spring-data-relational/3.0.12/spring-data-relational-3.0.12.jar:/home/ztr/.m2/repository/org/springframework/data/spring-data-commons/3.0.12/spring-data-commons-3.0.12.jar:/home/ztr/.m2/repository/org/springframework/spring-tx/6.0.14/spring-tx-6.0.14.jar:/home/ztr/.m2/repository/org/springframework/spring-context/6.0.14/spring-context-6.0.14.jar:/home/ztr/.m2/repository/org/springframework/spring-beans/6.0.14/spring-beans-6.0.14.jar:/home/ztr/.m2/repository/org/slf4j/slf4j-api/2.0.9/slf4j-api-2.0.9.jar:/home/ztr/.m2/repository/org/springframework/boot/spring-boot-starter-web/3.0.13/spring-boot-starter-web-3.0.13.jar:/home/ztr/.m2/repository/org/springframework/boot/spring-boot-starter/3.0.13/spring-boot-starter-3.0.13.jar:/home/ztr/.m2/repository/org/springframework/boot/spring-boot/3.0.13/spring-boot-3.0.13.jar:/home/ztr/.m2/repository/org/springframework/boot/spring-boot-autoconfigure/3.0.13/spring-boot-autoconfigure-3.0.13.jar:/home/ztr/.m2/repository/org/springframework/boot/spring-boot-starter-logging/3.0.13/spring-boot-starter-logging-3.0.13.jar:/home/ztr/.m2/repository/ch/qos/logback/logback-classic/1.4.11/logback-classic-1.4.11.jar:/home/ztr/.m2/repository/ch/qos/logback/logback-core/1.4.11/logback-core-1.4.11.jar:/home/ztr/.m2/repository/org/apache/logging/log4j/log4j-to-slf4j/2.19.0/log4j-to-slf4j-2.19.0.jar:/home/ztr/.m2/repository/org/slf4j/jul-to-slf4j/2.0.9/jul-to-slf4j-2.0.9.jar:/home/ztr/.m2/repository/jakarta/annotation/jakarta.annotation-api/2.1.1/jakarta.annotation-api-2.1.1.jar:/home/ztr/.m2/repository/org/springframework/boot/spring-boot-starter-json/3.0.13/spring-boot-starter-json-3.0.13.jar:/home/ztr/.m2/repository/com/fasterxml/jackson/core/jackson-databind/2.14.3/jackson-databind-2.14.3.jar:/home/ztr/.m2/repository/com/fasterxml/jackson/core/jackson-annotations/2.14.3/jackson-annotations-2.14.3.jar:/home/ztr/.m2/repository/com/fasterxml/jackson/core/jackson-core/2.14.3/jackson-core-2.14.3.jar:/home/ztr/.m2/repository/com/fasterxml/jackson/datatype/jackson-datatype-jdk8/2.14.3/jackson-datatype-jdk8-2.14.3.jar:/home/ztr/.m2/repository/com/fasterxml/jackson/datatype/jackson-datatype-jsr310/2.14.3/jackson-datatype-jsr310-2.14.3.jar:/home/ztr/.m2/repository/com/fasterxml/jackson/module/jackson-module-parameter-names/2.14.3/jackson-module-parameter-names-2.14.3.jar:/home/ztr/.m2/repository/org/springframework/boot/spring-boot-starter-tomcat/3.0.13/spring-boot-starter-tomcat-3.0.13.jar:/home/ztr/.m2/repository/org/apache/tomcat/embed/tomcat-embed-core/10.1.16/tomcat-embed-core-10.1.16.jar:/home/ztr/.m2/repository/org/apache/tomcat/embed/tomcat-embed-el/10.1.16/tomcat-embed-el-10.1.16.jar:/home/ztr/.m2/repository/org/apache/tomcat/embed/tomcat-embed-websocket/10.1.16/tomcat-embed-websocket-10.1.16.jar:/home/ztr/.m2/repository/org/springframework/spring-web/6.0.14/spring-web-6.0.14.jar:/home/ztr/.m2/repository/io/micrometer/micrometer-observation/1.10.13/micrometer-observation-1.10.13.jar:/home/ztr/.m2/repository/io/micrometer/micrometer-commons/1.10.13/micrometer-commons-1.10.13.jar:/home/ztr/.m2/repository/org/springframework/spring-webmvc/6.0.14/spring-webmvc-6.0.14.jar:/home/ztr/.m2/repository/org/springframework/spring-aop/6.0.14/spring-aop-6.0.14.jar:/home/ztr/.m2/repository/org/springframework/spring-expression/6.0.14/spring-expression-6.0.14.jar:/home/ztr/.m2/repository/com/h2database/h2/2.1.214/h2-2.1.214.jar:/home/ztr/.m2/repository/org/springframework/boot/spring-boot-starter-test/3.0.13/spring-boot-starter-test-3.0.13.jar:/home/ztr/.m2/repository/org/springframework/boot/spring-boot-test/3.0.13/spring-boot-test-3.0.13.jar:/home/ztr/.m2/repository/org/springframework/boot/spring-boot-test-autoconfigure/3.0.13/spring-boot-test-autoconfigure-3.0.13.jar:/home/ztr/.m2/repository/com/jayway/jsonpath/json-path/2.7.0/json-path-2.7.0.jar:/home/ztr/.m2/repository/net/minidev/json-smart/2.4.11/json-smart-2.4.11.jar:/home/ztr/.m2/repository/net/minidev/accessors-smart/2.4.11/accessors-smart-2.4.11.jar:/home/ztr/.m2/repository/org/ow2/asm/asm/9.3/asm-9.3.jar:/home/ztr/.m2/repository/jakarta/xml/bind/jakarta.xml.bind-api/4.0.1/jakarta.xml.bind-api-4.0.1.jar:/home/ztr/.m2/repository/jakarta/activation/jakarta.activation-api/2.1.2/jakarta.activation-api-2.1.2.jar:/home/ztr/.m2/repository/org/assertj/assertj-core/3.23.1/assertj-core-3.23.1.jar:/home/ztr/.m2/repository/net/bytebuddy/byte-buddy/1.12.23/byte-buddy-1.12.23.jar:/home/ztr/.m2/repository/org/hamcrest/hamcrest/2.2/hamcrest-2.2.jar:/home/ztr/.m2/repository/org/junit/jupiter/junit-jupiter/5.9.3/junit-jupiter-5.9.3.jar:/home/ztr/.m2/repository/org/junit/jupiter/junit-jupiter-api/5.9.3/junit-jupiter-api-5.9.3.jar:/home/ztr/.m2/repository/org/opentest4j/opentest4j/1.2.0/opentest4j-1.2.0.jar:/home/ztr/.m2/repository/org/junit/platform/junit-platform-commons/1.9.3/junit-platform-commons-1.9.3.jar:/home/ztr/.m2/repository/org/apiguardian/apiguardian-api/1.1.2/apiguardian-api-1.1.2.jar:/home/ztr/.m2/repository/org/junit/jupiter/junit-jupiter-params/5.9.3/junit-jupiter-params-5.9.3.jar:/home/ztr/.m2/repository/org/junit/jupiter/junit-jupiter-engine/5.9.3/junit-jupiter-engine-5.9.3.jar:/home/ztr/.m2/repository/org/junit/platform/junit-platform-engine/1.9.3/junit-platform-engine-1.9.3.jar:/home/ztr/.m2/repository/org/mockito/mockito-core/4.8.1/mockito-core-4.8.1.jar:/home/ztr/.m2/repository/net/bytebuddy/byte-buddy-agent/1.12.23/byte-buddy-agent-1.12.23.jar:/home/ztr/.m2/repository/org/objenesis/objenesis/3.2/objenesis-3.2.jar:/home/ztr/.m2/repository/org/mockito/mockito-junit-jupiter/4.8.1/mockito-junit-jupiter-4.8.1.jar:/home/ztr/.m2/repository/org/skyscreamer/jsonassert/1.5.1/jsonassert-1.5.1.jar:/home/ztr/.m2/repository/com/vaadin/external/google/android-json/0.0.20131108.vaadin1/android-json-0.0.20131108.vaadin1.jar:/home/ztr/.m2/repository/org/springframework/spring-core/6.0.14/spring-core-6.0.14.jar:/home/ztr/.m2/repository/org/springframework/spring-jcl/6.0.14/spring-jcl-6.0.14.jar:/home/ztr/.m2/repository/org/springframework/spring-test/6.0.14/spring-test-6.0.14.jar:/home/ztr/.m2/repository/org/xmlunit/xmlunit-core/2.9.1/xmlunit-core-2.9.1.jar:/home/ztr/.m2/repository/org/yaml/snakeyaml/1.33/snakeyaml-1.33.jar:/home/ztr/.m2/repository/org/apache/logging/log4j/log4j-core/2.16.0/log4j-core-2.16.0.jar:/home/ztr/.m2/repository/org/apache/logging/log4j/log4j-api/2.19.0/log4j-api-2.19.0.jar:/home/ztr/.m2/repository/org/postgresql/postgresql/42.2.8/postgresql-42.2.8.jar:/home/ztr/.m2/repository/org/springframework/boot/spring-boot-starter-thymeleaf/3.0.13/spring-boot-starter-thymeleaf-3.0.13.jar:/home/ztr/.m2/repository/org/thymeleaf/thymeleaf-spring6/3.1.2.RELEASE/thymeleaf-spring6-3.1.2.RELEASE.jar:/home/ztr/.m2/repository/org/thymeleaf/thymeleaf/3.1.2.RELEASE/thymeleaf-3.1.2.RELEASE.jar:/home/ztr/.m2/repository/org/attoparser/attoparser/2.0.7.RELEASE/attoparser-2.0.7.RELEASE.jar:/home/ztr/.m2/repository/org/unbescape/unbescape/1.1.6.RELEASE/unbescape-1.1.6.RELEASE.jar:"/>
    <property name="sun.cpu.endian" value="little"/>
    <property name="user.home" value="/home/ztr"/>
    <property name="user.language" value="en"/>
    <property name="java.specification.vendor" value="Oracle Corporation"/>
    <property name="java.version.date" value="2025-07-15"/>
    <property name="java.home" value="/usr/lib/jvm/java-21-openjdk"/>
    <property name="file.separator" value="/"/>
    <property name="basedir" value="/home/ztr/devops/Git/prodcution-e2e-pipeline"/>
    <property name="java.vm.compressedOopsMode" value="32-bit"/>
    <property name="line.separator" value="&#10;"/>
    <property name="java.specification.name" value="Java Platform API Specification"/>
    <property name="java.vm.specification.vendor" value="Oracle Corporation"/>
    <property name="surefire.real.class.path" value="/home/ztr/devops/Git/prodcution-e2e-pipeline/target/surefire/surefirebooter17709453423343509304.jar"/>
    <property name="sun.management.compiler" value="HotSpot 64-Bit Tiered Compilers"/>
    <property name="java.runtime.version" value="21.0.8+9-LTS"/>
    <property name="user.name" value="ztr"/>
    <property name="stdout.encoding" value="UTF-8"/>
    <property name="path.separator" value=":"/>
    <property name="os.version" value="6.12.0-120.el10.x86_64"/>
    <property name="java.runtime.name" value="OpenJDK Runtime Environment"/>
    <property name="file.encoding" value="UTF-8"/>
    <property name="java.vm.name" value="OpenJDK 64-Bit Server VM"/>
    <property name="java.vendor.version" value="(Red_Hat-21.0.8.0.9-1)"/>
    <property name="localRepository" value="/home/ztr/.m2/repository"/>
    <property name="java.vendor.url.bug" value="https://access.redhat.com/support/cases/"/>
    <property name="java.io.tmpdir" value="/tmp"/>
    <property name="java.version" value="21.0.8"/>
    <property name="user.dir" value="/home/ztr/devops/Git/prodcution-e2e-pipeline"/>
    <property name="os.arch" value="amd64"/>
    <property name="java.vm.specification.name" value="Java Virtual Machine Specification"/>
    <property name="native.encoding" value="UTF-8"/>
    <property name="java.library.path" value="/usr/java/packages/lib:/usr/lib64:/lib64:/lib:/usr/lib"/>
    <property name="java.vm.info" value="mixed mode, sharing"/>
    <property name="stderr.encoding" value="UTF-8"/>
    <property name="java.vendor" value="Red Hat, Inc."/>
    <property name="java.vm.version" value="21.0.8+9-LTS"/>
    <property name="sun.io.unicode.encoding" value="UnicodeLittle"/>
    <property name="java.class.version" value="65.0"/>
  </properties>
  <testcase name="contextLoads" classname="com.dmancloud.dinesh.demoapp.DemoappApplicationTests" time="0.263"/>
</testsuite>